<?xml version="1.0" encoding="UTF-8"?>
<!-- Generated by org.testng.reporters.JUnitXMLReporter -->
<testsuite ignored="0" hostname="Pavans-MacBook-Air.local" failures="0" tests="4" name="Test" time="0.086" errors="0" timestamp="2022-01-06T13:24:12 IST">
  <testcase classname="ddtLoginTestCases.ActitimeTestfromExcel1" name="@BeforeTest appdata" time="0.005">
    <failure type="java.io.FileNotFoundException" message=".\ddtexcel\Actitime.xlsx (No such file or directory)">
      <![CDATA[java.io.FileNotFoundException: .\ddtexcel\Actitime.xlsx (No such file or directory)
at java.base/java.io.FileInputStream.open0(Native Method)
at java.base/java.io.FileInputStream.open(FileInputStream.java:211)
at java.base/java.io.FileInputStream.<init>(FileInputStream.java:153)
at java.base/java.io.FileInputStream.<init>(FileInputStream.java:108)
at ddtLoginTestCases.ActitimeTestfromExcel1.readdatafromexcel(ActitimeTestfromExcel1.java:31)
at ddtLoginTestCases.ActitimeTestfromExcel1.appdata(ActitimeTestfromExcel1.java:42)
... Removed 24 stack frames]]>
    </failure>
  </testcase> <!-- @BeforeTest appdata -->
  <testcase classname="ddtLoginTestCases.OrangehrmTestfromExcel2" name="@BeforeTest appdata" time="-1.641455651946E9">
    <skipped/>
  </testcase> <!-- @BeforeTest appdata -->
  <testcase classname="ddtLoginTestCases.VtigerTestfromExcel3" name="@BeforeTest appdata" time="-1.641455651949E9">
    <skipped/>
  </testcase> <!-- @BeforeTest appdata -->
  <testcase classname="ddtLoginTestCases.ActitimeTestfromExcel1" name="@BeforeClass setup" time="-1.641455651965E9">
    <skipped/>
  </testcase> <!-- @BeforeClass setup -->
  <testcase classname="ddtLoginTestCases.ActitimeTestfromExcel1" name="@AfterClass chormeclose" time="-1.641455651988E9">
    <skipped/>
  </testcase> <!-- @AfterClass chormeclose -->
  <testcase classname="ddtLoginTestCases.OrangehrmTestfromExcel2" name="@BeforeClass setup" time="-1.641455651992E9">
    <skipped/>
  </testcase> <!-- @BeforeClass setup -->
  <testcase classname="ddtLoginTestCases.OrangehrmTestfromExcel2" name="@AfterMethod chormeclose" time="-1.641455651997E9">
    <skipped/>
  </testcase> <!-- @AfterMethod chormeclose -->
  <testcase classname="ddtLoginTestCases.VtigerTestfromExcel3" name="@BeforeClass setup" time="-1.641455652001E9">
    <skipped/>
  </testcase> <!-- @BeforeClass setup -->
  <testcase classname="ddtLoginTestCases.VtigerTestfromExcel3" name="@AfterMethod chormeclose" time="-1.641455652007E9">
    <skipped/>
  </testcase> <!-- @AfterMethod chormeclose -->
  <testcase classname="ddtLoginTestCases.ActitimeTestfromExcel1" name="login" time="0.0">
    <skipped/>
  </testcase> <!-- login -->
  <testcase classname="ddtLoginTestCases.ActitimeTestfromExcel1" name="setstatus" time="0.0">
    <skipped/>
  </testcase> <!-- setstatus -->
  <testcase classname="ddtLoginTestCases.OrangehrmTestfromExcel2" name="login" time="0.0">
    <skipped/>
  </testcase> <!-- login -->
  <testcase classname="ddtLoginTestCases.VtigerTestfromExcel3" name="login" time="0.0">
    <skipped/>
  </testcase> <!-- login -->
</testsuite> <!-- Test -->
